>>> exec(open("main.py").read())

=== I483 - Kadai1 - XU Pengfei(2510082) ===
MAC address: 24:62:AB:E1:23:24
Connecting to WiFi...
WiFi connection successful
IP address: 172.20.10.10
Syncing RTC time...
2025-05-01 20:34:09

Starting SCD41 sensor example...

=== SCD41 CO2 Sensor Initialization ===
Initializing sensor...
[OK] Periodic measurement stopped
[OK] Sensor detected - Serial: 0x16FD97073B6C
[OK] Periodic measurement started

=== SCD41 CO2 Sensor Readings ===
Reading data every 5 seconds...

2025-05-01 20:34:14 [T+5.0s]:
  CO2: 704 ppm
  Temp: 26.63 °C
  RH: 40.57 %
----------------------------------------
2025-05-01 20:34:19 [T+10.0s]:
  CO2: 686 ppm
  Temp: 26.28 °C
  RH: 41.11 %
----------------------------------------
2025-05-01 20:34:24 [T+15.0s]:
  CO2: 678 ppm
  Temp: 26.00 °C
  RH: 41.71 %
----------------------------------------
2025-05-01 20:34:29 [T+20.0s]:
  CO2: 670 ppm
  Temp: 25.76 °C
  RH: 42.27 %
----------------------------------------
2025-05-01 20:34:34 [T+25.0s]:
  CO2: 674 ppm
  Temp: 25.55 °C
  RH: 42.78 %
----------------------------------------
2025-05-01 20:34:39 [T+30.0s]:
  CO2: 671 ppm
  Temp: 25.32 °C
  RH: 43.31 %
----------------------------------------
2025-05-01 20:34:44 [T+35.0s]:
  CO2: 667 ppm
  Temp: 25.14 °C
  RH: 43.78 %
----------------------------------------
2025-05-01 20:34:49 [T+40.0s]:
  CO2: 669 ppm
  Temp: 24.94   C
  RH: 44.27 %
----------------------------------------
2025-05-01 20:34:54 [T+45.0s]:
  CO2: 671 ppm
  Temp: 24.76 °C
  RH: 44.91 %
