>>> === RPR-0521RS Sensor Example ===
RPR-0521RS sensor initialized successfully!

=== RPR-0521RS Sensor Readings ===
   Proximity    |   Light (lux)   |  Illumination   | IR Illumination
-------------------------------------------------------------------
       2 ( FAR) |        118.13 |        145.00 |         67.00
       1 ( FAR) |        118.33 |        144.00 |         66.00
       2 ( FAR) |        118.33 |        144.00 |         66.00
       1 ( FAR) |        118.33 |        144.00 |         66.00
       2 ( FAR) |         99.31 |        126.00 |         60.00
      56 ( FAR) |         49.58 |         73.00 |         39.00
      79 ( FAR) |         70.01 |        103.00 |         55.00
       2 ( FAR) |         89.29 |        110.00 |         51.00
       1 ( FAR) |        115.16 |        141.00 |         65.00
       1 ( FAR) |        115.16 |        141.00 |         65.00
       1 ( FAR) |        116.84 |        142.00 |         65.00
       1 ( FAR) |        118.33 |        144.00 |         66.00
       2 ( FAR) |        362.63 |        335.00 |        107.00
       1 ( FAR) |        360.95 |        334.00 |        107.00
       1 ( FAR) |        356.29 |        329.00 |        105.00
       2 ( FAR) |        356.29 |        329.00 |        105.00
       1 ( FAR) |        343.03 |        320.00 |        104.00
       1 ( FAR) |        354.42 |        329.00 |        106.00
       1 ( FAR) |        354.61 |        328.00 |        105.00
       1 ( FAR) |        142.78 |        163.00 |         70.00
       1 ( FAR) |        121.50 |        147.00 |         67.00
