ubuntu@gen-107525:~/i483$ docker logs dd5 | grep "Occupancy Detection" -C 50
WARNING: Unknown module: jdk.compiler specified to --add-exports
WARNING: Unknown module: jdk.compiler specified to --add-exports
WARNING: Unknown module: jdk.compiler specified to --add-exports
WARNING: Unknown module: jdk.compiler specified to --add-exports
WARNING: Unknown module: jdk.compiler specified to --add-exports
2025-05-31 13:57:32,135 WARN  org.apache.flink.metrics.MetricGroup                         [] - Name collision: Group already contains a Metric with the name 'pendingCommittables'. Metric will not be reported.[172.18.0.3, taskmanager, 172.18.0.3:36371-646d40, Sensor Analytics Job, Kafka Analytics Sink: Committer, 0]
2025-05-31 13:57:32,137 WARN  org.apache.flink.metrics.MetricGroup                         [] - Name collision: Group already contains a Metric with the name 'pendingCommittables'. Metric will not be reported.[172.18.0.3, taskmanager, 172.18.0.3:36371-646d40, Sensor Analytics Job, Kafka Occupancy Sink: Committer, 0]
2025-05-31 13:57:49,427 INFO  org.jaist.flink.s2510082.SensorStatsProcessWindowFunction    [] - Window processing - key: SensorKey(sensorName=DPS310, dataType=altitude), actual count: 4, expected: 20
Analytics Results> SensorStats(sensorName=DPS310, dataType=altitude, studentId=s2510082, windowStart=1748699550000, windowEnd=1748699850000, minValue=211.26, maxValue=211.32, avgValue=211.2925, count=4)
2025-05-31 13:57:49,429 INFO  org.jaist.flink.s2510082.SensorStatsProcessWindowFunction    [] - Window processing - key: SensorKey(sensorName=DPS310, dataType=temperature), actual count: 4, expected: 20
Analytics Results> SensorStats(sensorName=DPS310, dataType=temperature, studentId=s2510082, windowStart=1748699550000, windowEnd=1748699850000, minValue=24.28, maxValue=24.35, avgValue=24.32, count=4)
2025-05-31 13:57:49,430 INFO  org.jaist.flink.s2510082.SensorStatsProcessWindowFunction    [] - Window processing - key: SensorKey(sensorName=SCD41, dataType=temperature), actual count: 4, expected: 20
Analytics Results> SensorStats(sensorName=SCD41, dataType=temperature, studentId=s2510082, windowStart=1748699550000, windowEnd=1748699850000, minValue=23.16, maxValue=23.22, avgValue=23.189999999999998, count=4)
2025-05-31 13:57:49,430 INFO  org.jaist.flink.s2510082.SensorStatsProcessWindowFunction    [] - Window processing - key: SensorKey(sensorName=SCD41, dataType=co2), actual count: 4, expected: 20
Analytics Results> SensorStats(sensorName=SCD41, dataType=co2, studentId=s2510082, windowStart=1748699550000, windowEnd=1748699850000, minValue=776.0, maxValue=800.0, avgValue=790.0, count=4)
2025-05-31 13:57:49,431 INFO  org.jaist.flink.s2510082.SensorStatsProcessWindowFunction    [] - Window processing - key: SensorKey(sensorName=RPR0521RS, dataType=ambient_light), actual count: 4, expected: 20
Analytics Results> SensorStats(sensorName=RPR0521RS, dataType=ambient_light, studentId=s2510082, windowStart=1748699550000, windowEnd=1748699850000, minValue=248.13, maxValue=248.13, avgValue=248.13, count=4)
2025-05-31 13:57:49,434 INFO  org.jaist.flink.s2510082.SensorStatsProcessWindowFunction    [] - Window processing - key: SensorKey(sensorName=DPS310, dataType=air_pressure), actual count: 4, expected: 20
Analytics Results> SensorStats(sensorName=DPS310, dataType=air_pressure, studentId=s2510082, windowStart=1748699550000, windowEnd=1748699850000, minValue=988.12, maxValue=988.13, avgValue=988.125, count=4)
2025-05-31 13:57:49,435 INFO  org.jaist.flink.s2510082.SensorStatsProcessWindowFunction    [] - Window processing - key: SensorKey(sensorName=RPR0521RS, dataType=illumination), actual count: 4, expected: 20
Analytics Results> SensorStats(sensorName=RPR0521RS, dataType=illumination, studentId=s2510082, windowStart=1748699550000, windowEnd=1748699850000, minValue=181.0, maxValue=181.0, avgValue=181.0, count=4)
2025-05-31 13:57:49,435 INFO  org.jaist.flink.s2510082.SensorStatsProcessWindowFunction    [] - Window processing - key: SensorKey(sensorName=SCD41, dataType=humidity), actual count: 4, expected: 20
Analytics Results> SensorStats(sensorName=SCD41, dataType=humidity, studentId=s2510082, windowStart=1748699550000, windowEnd=1748699850000, minValue=62.12, maxValue=62.18, avgValue=62.150000000000006, count=4)
2025-05-31 13:57:49,436 INFO  org.jaist.flink.s2510082.SensorStatsProcessWindowFunction    [] - Window processing - key: SensorKey(sensorName=RPR0521RS, dataType=proximity), actual count: 4, expected: 20
Analytics Results> SensorStats(sensorName=RPR0521RS, dataType=proximity, studentId=s2510082, windowStart=1748699550000, windowEnd=1748699850000, minValue=5.0, maxValue=6.0, avgValue=5.75, count=4)
2025-05-31 13:57:49,437 INFO  org.jaist.flink.s2510082.SensorStatsProcessWindowFunction    [] - Window processing - key: SensorKey(sensorName=BH1750, dataType=illumination), actual count: 4, expected: 20
Analytics Results> SensorStats(sensorName=BH1750, dataType=illumination, studentId=s2510082, windowStart=1748699550000, windowEnd=1748699850000, minValue=455.0, maxValue=456.67, avgValue=455.4175, count=4)
2025-05-31 13:57:49,437 INFO  org.jaist.flink.s2510082.SensorStatsProcessWindowFunction    [] - Window processing - key: SensorKey(sensorName=RPR0521RS, dataType=infrared_illumination), actual count: 4, expected: 20
Analytics Results> SensorStats(sensorName=RPR0521RS, dataType=infrared_illumination, studentId=s2510082, windowStart=1748699550000, windowEnd=1748699850000, minValue=30.0, maxValue=30.0, avgValue=30.0, count=4)
2025-05-31 13:58:02,137 WARN  org.apache.flink.metrics.MetricGroup                         [] - Name collision: Group already contains a Metric with the name 'pendingCommittables'. Metric will not be reported.[172.18.0.3, taskmanager, 172.18.0.3:36371-646d40, Sensor Analytics Job, Kafka Analytics Sink: Committer, 0]
2025-05-31 13:58:02,138 WARN  org.apache.flink.metrics.MetricGroup                         [] - Name collision: Group already contains a Metric with the name 'pendingCommittables'. Metric will not be reported.[172.18.0.3, taskmanager, 172.18.0.3:36371-646d40, Sensor Analytics Job, Kafka Occupancy Sink: Committer, 0]
2025-05-31 13:58:21,486 INFO  org.jaist.flink.s2510082.SensorStatsProcessWindowFunction    [] - Window processing - key: SensorKey(sensorName=DPS310, dataType=altitude), actual count: 6, expected: 20
Analytics Results> SensorStats(sensorName=DPS310, dataType=altitude, studentId=s2510082, windowStart=1748699580000, windowEnd=1748699880000, minValue=211.26, maxValue=211.32, avgValue=211.295, count=6)
2025-05-31 13:58:21,488 INFO  org.jaist.flink.s2510082.SensorStatsProcessWindowFunction    [] - Window processing - key: SensorKey(sensorName=DPS310, dataType=temperature), actual count: 6, expected: 20
Analytics Results> SensorStats(sensorName=DPS310, dataType=temperature, studentId=s2510082, windowStart=1748699580000, windowEnd=1748699880000, minValue=24.28, maxValue=24.4, avgValue=24.34166666666667, count=6)
2025-05-31 13:58:21,489 INFO  org.jaist.flink.s2510082.SensorStatsProcessWindowFunction    [] - Window processing - key: SensorKey(sensorName=SCD41, dataType=co2), actual count: 6, expected: 20
Analytics Results> SensorStats(sensorName=SCD41, dataType=co2, studentId=s2510082, windowStart=1748699580000, windowEnd=1748699880000, minValue=776.0, maxValue=800.0, avgValue=793.3333333333334, count=6)
2025-05-31 13:58:21,489 INFO  org.jaist.flink.s2510082.SensorStatsProcessWindowFunction    [] - Window processing - key: SensorKey(sensorName=RPR0521RS, dataType=ambient_light), actual count: 6, expected: 20
Analytics Results> SensorStats(sensorName=RPR0521RS, dataType=ambient_light, studentId=s2510082, windowStart=1748699580000, windowEnd=1748699880000, minValue=248.13, maxValue=248.13, avgValue=248.13000000000002, count=6)
2025-05-31 13:58:21,490 INFO  org.jaist.flink.s2510082.SensorStatsProcessWindowFunction    [] - Window processing - key: SensorKey(sensorName=SCD41, dataType=temperature), actual count: 6, expected: 20
Analytics Results> SensorStats(sensorName=SCD41, dataType=temperature, studentId=s2510082, windowStart=1748699580000, windowEnd=1748699880000, minValue=23.16, maxValue=23.27, avgValue=23.209999999999997, count=6)
2025-05-31 13:58:21,490 INFO  org.jaist.flink.s2510082.SensorStatsProcessWindowFunction    [] - Window processing - key: SensorKey(sensorName=DPS310, dataType=air_pressure), actual count: 6, expected: 20
Analytics Results> SensorStats(sensorName=DPS310, dataType=air_pressure, studentId=s2510082, windowStart=1748699580000, windowEnd=1748699880000, minValue=988.12, maxValue=988.13, avgValue=988.125, count=6)
2025-05-31 13:58:21,492 INFO  org.jaist.flink.s2510082.SensorStatsProcessWindowFunction    [] - Window processing - key: SensorKey(sensorName=SCD41, dataType=humidity), actual count: 6, expected: 20
Analytics Results> SensorStats(sensorName=SCD41, dataType=humidity, studentId=s2510082, windowStart=1748699580000, windowEnd=1748699880000, minValue=62.12, maxValue=62.19, avgValue=62.155, count=6)
2025-05-31 13:58:21,493 INFO  org.jaist.flink.s2510082.SensorStatsProcessWindowFunction    [] - Window processing - key: SensorKey(sensorName=RPR0521RS, dataType=illumination), actual count: 6, expected: 20
Analytics Results> SensorStats(sensorName=RPR0521RS, dataType=illumination, studentId=s2510082, windowStart=1748699580000, windowEnd=1748699880000, minValue=181.0, maxValue=181.0, avgValue=181.0, count=6)
2025-05-31 13:58:21,493 INFO  org.jaist.flink.s2510082.CO2IncreaseDetector                 [] - CO2 continuous increase detected - Sensor: SCD41, Data points: 6, Value range: 776.0-800.0
2025-05-31 13:58:21,495 INFO  org.jaist.flink.s2510082.SensorStatsProcessWindowFunction    [] - Window processing - key: SensorKey(sensorName=RPR0521RS, dataType=proximity), actual count: 6, expected: 20
Analytics Results> SensorStats(sensorName=RPR0521RS, dataType=proximity, studentId=s2510082, windowStart=1748699580000, windowEnd=1748699880000, minValue=5.0, maxValue=6.0, avgValue=5.833333333333333, count=6)
2025-05-31 13:58:21,495 INFO  org.jaist.flink.s2510082.SensorStatsProcessWindowFunction    [] - Window processing - key: SensorKey(sensorName=BH1750, dataType=illumination), actual count: 6, expected: 20
Analytics Results> SensorStats(sensorName=BH1750, dataType=illumination, studentId=s2510082, windowStart=1748699580000, windowEnd=1748699880000, minValue=455.0, maxValue=456.67, avgValue=455.5566666666667, count=6)
2025-05-31 13:58:21,497 INFO  org.jaist.flink.s2510082.SensorStatsProcessWindowFunction    [] - Window processing - key: SensorKey(sensorName=RPR0521RS, dataType=infrared_illumination), actual count: 6, expected: 20
Analytics Results> SensorStats(sensorName=RPR0521RS, dataType=infrared_illumination, studentId=s2510082, windowStart=1748699580000, windowEnd=1748699880000, minValue=30.0, maxValue=30.0, avgValue=30.0, count=6)
2025-05-31 13:58:21,565 INFO  org.jaist.flink.s2510082.OccupancyStateManager               [] - Room state changed: unoccupied -> occupied
Occupancy Detection Results> true
2025-05-31 13:58:32,136 WARN  org.apache.flink.metrics.MetricGroup                         [] - Name collision: Group already contains a Metric with the name 'pendingCommittables'. Metric will not be reported.[172.18.0.3, taskmanager, 172.18.0.3:36371-646d40, Sensor Analytics Job, Kafka Analytics Sink: Committer, 0]
2025-05-31 13:58:32,138 WARN  org.apache.flink.metrics.MetricGroup                         [] - Name collision: Group already contains a Metric with the name 'pendingCommittables'. Metric will not be reported.[172.18.0.3, taskmanager, 172.18.0.3:36371-646d40, Sensor Analytics Job, Kafka Occupancy Sink: Committer, 0]
2025-05-31 13:58:53,548 INFO  org.jaist.flink.s2510082.SensorStatsProcessWindowFunction    [] - Window processing - key: SensorKey(sensorName=DPS310, dataType=altitude), actual count: 8, expected: 20
Analytics Results> SensorStats(sensorName=DPS310, dataType=altitude, studentId=s2510082, windowStart=1748699610000, windowEnd=1748699910000, minValue=211.26, maxValue=211.32, avgValue=211.2925, count=8)
2025-05-31 13:58:53,549 INFO  org.jaist.flink.s2510082.SensorStatsProcessWindowFunction    [] - Window processing - key: SensorKey(sensorName=DPS310, dataType=temperature), actual count: 8, expected: 20
Analytics Results> SensorStats(sensorName=DPS310, dataType=temperature, studentId=s2510082, windowStart=1748699610000, windowEnd=1748699910000, minValue=24.28, maxValue=24.44, avgValue=24.363750000000003, count=8)
2025-05-31 13:58:53,550 INFO  org.jaist.flink.s2510082.SensorStatsProcessWindowFunction    [] - Window processing - key: SensorKey(sensorName=SCD41, dataType=co2), actual count: 8, expected: 20
Analytics Results> SensorStats(sensorName=SCD41, dataType=co2, studentId=s2510082, windowStart=1748699610000, windowEnd=1748699910000, minValue=776.0, maxValue=802.0, avgValue=795.5, count=8)
2025-05-31 13:58:53,551 INFO  org.jaist.flink.s2510082.SensorStatsProcessWindowFunction    [] - Window processing - key: SensorKey(sensorName=SCD41, dataType=temperature), actual count: 8, expected: 20
Analytics Results> SensorStats(sensorName=SCD41, dataType=temperature, studentId=s2510082, windowStart=1748699610000, windowEnd=1748699910000, minValue=23.16, maxValue=23.28, avgValue=23.224999999999998, count=8)
2025-05-31 13:58:53,552 INFO  org.jaist.flink.s2510082.SensorStatsProcessWindowFunction    [] - Window processing - key: SensorKey(sensorName=DPS310, dataType=air_pressure), actual count: 8, expected: 20
Analytics Results> SensorStats(sensorName=DPS310, dataType=air_pressure, studentId=s2510082, windowStart=1748699610000, windowEnd=1748699910000, minValue=988.12, maxValue=988.13, avgValue=988.125, count=8)
2025-05-31 13:58:53,552 INFO  org.jaist.flink.s2510082.SensorStatsProcessWindowFunction    [] - Window processing - key: SensorKey(sensorName=SCD41, dataType=humidity), actual count: 8, expected: 20
Analytics Results> SensorStats(sensorName=SCD41, dataType=humidity, studentId=s2510082, windowStart=1748699610000, windowEnd=1748699910000, minValue=62.12, maxValue=62.26, avgValue=62.17125, count=8)
2025-05-31 13:58:53,553 INFO  org.jaist.flink.s2510082.SensorStatsProcessWindowFunction    [] - Window processing - key: SensorKey(sensorName=RPR0521RS, dataType=ambient_light), actual count: 8, expected: 20
Analytics Results> SensorStats(sensorName=RPR0521RS, dataType=ambient_light, studentId=s2510082, windowStart=1748699610000, windowEnd=1748699910000, minValue=248.13, maxValue=248.13, avgValue=248.13000000000005, count=8)
2025-05-31 13:58:53,553 INFO  org.jaist.flink.s2510082.SensorStatsProcessWindowFunction    [] - Window processing - key: SensorKey(sensorName=RPR0521RS, dataType=illumination), actual count: 8, expected: 20
Analytics Results> SensorStats(sensorName=RPR0521RS, dataType=illumination, studentId=s2510082, windowStart=1748699610000, windowEnd=1748699910000, minValue=181.0, maxValue=181.0, avgValue=181.0, count=8)
2025-05-31 13:58:53,554 INFO  org.jaist.flink.s2510082.SensorStatsProcessWindowFunction    [] - Window processing - key: SensorKey(sensorName=RPR0521RS, dataType=infrared_illumination), actual count: 8, expected: 20
Analytics Results> SensorStats(sensorName=RPR0521RS, dataType=infrared_illumination, studentId=s2510082, windowStart=1748699610000, windowEnd=1748699910000, minValue=30.0, maxValue=30.0, avgValue=30.0, count=8)
2025-05-31 13:58:53,555 INFO  org.jaist.flink.s2510082.SensorStatsProcessWindowFunction    [] - Window processing - key: SensorKey(sensorName=RPR0521RS, dataType=proximity), actual count: 8, expected: 20
Analytics Results> SensorStats(sensorName=RPR0521RS, dataType=proximity, studentId=s2510082, windowStart=1748699610000, windowEnd=1748699910000, minValue=5.0, maxValue=6.0, avgValue=5.875, count=8)
2025-05-31 13:58:53,555 INFO  org.jaist.flink.s2510082.SensorStatsProcessWindowFunction    [] - Window processing - key: SensorKey(sensorName=BH1750, dataType=illumination), actual count: 8, expected: 20
Analytics Results> SensorStats(sensorName=BH1750, dataType=illumination, studentId=s2510082, windowStart=1748699610000, windowEnd=1748699910000, minValue=455.0, maxValue=456.67, avgValue=455.62625, count=8)
2025-05-31 13:59:02,136 WARN  org.apache.flink.metrics.MetricGroup                         [] - Name collision: Group already contains a Metric with the name 'pendingCommittables'. Metric will not be reported.[172.18.0.3, taskmanager, 172.18.0.3:36371-646d40, Sensor Analytics Job, Kafka Analytics Sink: Committer, 0]
2025-05-31 13:59:02,137 WARN  org.apache.flink.metrics.MetricGroup                         [] - Name collision: Group already contains a Metric with the name 'pendingCommittables'. Metric will not be reported.[172.18.0.3, taskmanager, 172.18.0.3:36371-646d40, Sensor Analytics Job, Kafka Occupancy Sink: Committer, 0]
2025-05-31 13:59:25,607 INFO  org.jaist.flink.s2510082.CO2IncreaseDetector                 [] - CO2 continuous increase detected - Sensor: SCD41, Data points: 10, Value range: 776.0-803.0
2025-05-31 13:59:25,608 INFO  org.jaist.flink.s2510082.SensorStatsProcessWindowFunction    [] - Window processing - key: SensorKey(sensorName=DPS310, dataType=altitude), actual count: 10, expected: 20
Analytics Results> SensorStats(sensorName=DPS310, dataType=altitude, studentId=s2510082, windowStart=1748699640000, windowEnd=1748699940000, minValue=211.26, maxValue=211.32, avgValue=211.294, count=10)
2025-05-31 13:59:25,610 INFO  org.jaist.flink.s2510082.SensorStatsProcessWindowFunction    [] - Window processing - key: SensorKey(sensorName=SCD41, dataType=co2), actual count: 10, expected: 20
Analytics Results> SensorStats(sensorName=SCD41, dataType=co2, studentId=s2510082, windowStart=1748699640000, windowEnd=1748699940000, minValue=776.0, maxValue=803.0, avgValue=797.0, count=10)
2025-05-31 13:59:25,610 INFO  org.jaist.flink.s2510082.SensorStatsProcessWindowFunction    [] - Window processing - key: SensorKey(sensorName=SCD41, dataType=temperature), actual count: 10, expected: 20
Analytics Results> SensorStats(sensorName=SCD41, dataType=temperature, studentId=s2510082, windowStart=1748699640000, windowEnd=1748699940000, minValue=23.16, maxValue=23.3, avgValue=23.240000000000002, count=10)
2025-05-31 13:59:25,611 INFO  org.jaist.flink.s2510082.SensorStatsProcessWindowFunction    [] - Window processing - key: SensorKey(sensorName=DPS310, dataType=air_pressure), actual count: 10, expected: 20
Analytics Results> SensorStats(sensorName=DPS310, dataType=air_pressure, studentId=s2510082, windowStart=1748699640000, windowEnd=1748699940000, minValue=988.12, maxValue=988.13, avgValue=988.125, count=10)
2025-05-31 13:59:25,611 INFO  org.jaist.flink.s2510082.SensorStatsProcessWindowFunction    [] - Window processing - key: SensorKey(sensorName=SCD41, dataType=humidity), actual count: 10, expected: 20
Analytics Results> SensorStats(sensorName=SCD41, dataType=humidity, studentId=s2510082, windowStart=1748699640000, windowEnd=1748699940000, minValue=62.12, maxValue=62.26, avgValue=62.178999999999995, count=10)
2025-05-31 13:59:25,612 INFO  org.jaist.flink.s2510082.SensorStatsProcessWindowFunction    [] - Window processing - key: SensorKey(sensorName=RPR0521RS, dataType=illumination), actual count: 10, expected: 20
Analytics Results> SensorStats(sensorName=RPR0521RS, dataType=illumination, studentId=s2510082, windowStart=1748699640000, windowEnd=1748699940000, minValue=181.0, maxValue=181.0, avgValue=181.0, count=10)
2025-05-31 13:59:25,612 INFO  org.jaist.flink.s2510082.SensorStatsProcessWindowFunction    [] - Window processing - key: SensorKey(sensorName=RPR0521RS, dataType=proximity), actual count: 10, expected: 20
Analytics Results> SensorStats(sensorName=RPR0521RS, dataType=proximity, studentId=s2510082, windowStart=1748699640000, windowEnd=1748699940000, minValue=5.0, maxValue=6.0, avgValue=5.8, count=10)
2025-05-31 13:59:25,613 INFO  org.jaist.flink.s2510082.SensorStatsProcessWindowFunction    [] - Window processing - key: SensorKey(sensorName=RPR0521RS, dataType=infrared_illumination), actual count: 10, expected: 20
Analytics Results> SensorStats(sensorName=RPR0521RS, dataType=infrared_illumination, studentId=s2510082, windowStart=1748699640000, windowEnd=1748699940000, minValue=30.0, maxValue=30.0, avgValue=30.0, count=10)
2025-05-31 13:59:25,613 INFO  org.jaist.flink.s2510082.SensorStatsProcessWindowFunction    [] - Window processing - key: SensorKey(sensorName=BH1750, dataType=illumination), actual count: 10, expected: 20
Analytics Results> SensorStats(sensorName=BH1750, dataType=illumination, studentId=s2510082, windowStart=1748699640000, windowEnd=1748699940000, minValue=455.0, maxValue=456.67, avgValue=455.50100000000003, count=10)
2025-05-31 13:59:25,615 INFO  org.jaist.flink.s2510082.SensorStatsProcessWindowFunction    [] - Window processing - key: SensorKey(sensorName=RPR0521RS, dataType=ambient_light), actual count: 10, expected: 20
Analytics Results> SensorStats(sensorName=RPR0521RS, dataType=ambient_light, studentId=s2510082, windowStart=1748699640000, windowEnd=1748699940000, minValue=248.13, maxValue=248.13, avgValue=248.13000000000005, count=10)
2025-05-31 13:59:25,615 INFO  org.jaist.flink.s2510082.SensorStatsProcessWindowFunction    [] - Window processing - key: SensorKey(sensorName=DPS310, dataType=temperature), actual count: 10, expected: 20
Analytics Results> SensorStats(sensorName=DPS310, dataType=temperature, studentId=s2510082, windowStart=1748699640000, windowEnd=1748699940000, minValue=24.28, maxValue=24.46, avgValue=24.381000000000004, count=10)
2025-05-31 13:59:32,135 WARN  org.apache.flink.metrics.MetricGroup                         [] - Name collision: Group already contains a Metric with the name 'pendingCommittables'. Metric will not be reported.[172.18.0.3, taskmanager, 172.18.0.3:36371-646d40, Sensor Analytics Job, Kafka Analytics Sink: Committer, 0]
--
2025-05-31 14:19:29,240 WARN  org.apache.flink.metrics.MetricGroup                         [] - Name collision: Group already contains a Metric with the name 'pendingCommittables'. Metric will not be reported.[172.18.0.3, taskmanager, 172.18.0.3:36371-646d40, Sensor Analytics Job, Kafka Analytics Sink: Committer, 0]
2025-05-31 14:19:29,241 WARN  org.apache.flink.metrics.MetricGroup                         [] - Name collision: Group already contains a Metric with the name 'pendingCommittables'. Metric will not be reported.[172.18.0.3, taskmanager, 172.18.0.3:36371-646d40, Sensor Analytics Job, Kafka Occupancy Sink: Committer, 0]
2025-05-31 14:19:53,310 INFO  org.jaist.flink.s2510082.SensorStatsProcessWindowFunction    [] - Window processing - key: SensorKey(sensorName=RPR0521RS, dataType=infrared_illumination), actual count: 18, expected: 20
Analytics Results> SensorStats(sensorName=RPR0521RS, dataType=infrared_illumination, studentId=s2510082, windowStart=1748700870000, windowEnd=1748701170000, minValue=30.0, maxValue=30.0, avgValue=30.0, count=18)
2025-05-31 14:19:53,311 INFO  org.jaist.flink.s2510082.SensorStatsProcessWindowFunction    [] - Window processing - key: SensorKey(sensorName=SCD41, dataType=co2), actual count: 18, expected: 20
Analytics Results> SensorStats(sensorName=SCD41, dataType=co2, studentId=s2510082, windowStart=1748700870000, windowEnd=1748701170000, minValue=867.0, maxValue=891.0, avgValue=881.0555555555555, count=18)
2025-05-31 14:19:53,311 INFO  org.jaist.flink.s2510082.SensorStatsProcessWindowFunction    [] - Window processing - key: SensorKey(sensorName=RPR0521RS, dataType=ambient_light), actual count: 18, expected: 20
Analytics Results> SensorStats(sensorName=RPR0521RS, dataType=ambient_light, studentId=s2510082, windowStart=1748700870000, windowEnd=1748701170000, minValue=248.13, maxValue=248.13, avgValue=248.13000000000005, count=18)
2025-05-31 14:19:53,311 INFO  org.jaist.flink.s2510082.SensorStatsProcessWindowFunction    [] - Window processing - key: SensorKey(sensorName=DPS310, dataType=air_pressure), actual count: 18, expected: 20
Analytics Results> SensorStats(sensorName=DPS310, dataType=air_pressure, studentId=s2510082, windowStart=1748700870000, windowEnd=1748701170000, minValue=988.1, maxValue=988.12, avgValue=988.1111111111111, count=18)
2025-05-31 14:19:53,311 INFO  org.jaist.flink.s2510082.SensorStatsProcessWindowFunction    [] - Window processing - key: SensorKey(sensorName=DPS310, dataType=altitude), actual count: 18, expected: 20
Analytics Results> SensorStats(sensorName=DPS310, dataType=altitude, studentId=s2510082, windowStart=1748700870000, windowEnd=1748701170000, minValue=211.31, maxValue=211.54, avgValue=211.41833333333338, count=18)
2025-05-31 14:19:53,312 INFO  org.jaist.flink.s2510082.SensorStatsProcessWindowFunction    [] - Window processing - key: SensorKey(sensorName=DPS310, dataType=temperature), actual count: 18, expected: 20
Analytics Results> SensorStats(sensorName=DPS310, dataType=temperature, studentId=s2510082, windowStart=1748700870000, windowEnd=1748701170000, minValue=24.7, maxValue=24.74, avgValue=24.72277777777778, count=18)
2025-05-31 14:19:53,312 INFO  org.jaist.flink.s2510082.SensorStatsProcessWindowFunction    [] - Window processing - key: SensorKey(sensorName=RPR0521RS, dataType=proximity), actual count: 18, expected: 20
Analytics Results> SensorStats(sensorName=RPR0521RS, dataType=proximity, studentId=s2510082, windowStart=1748700870000, windowEnd=1748701170000, minValue=5.0, maxValue=6.0, avgValue=5.777777777777778, count=18)
2025-05-31 14:19:53,312 INFO  org.jaist.flink.s2510082.SensorStatsProcessWindowFunction    [] - Window processing - key: SensorKey(sensorName=RPR0521RS, dataType=illumination), actual count: 18, expected: 20
Analytics Results> SensorStats(sensorName=RPR0521RS, dataType=illumination, studentId=s2510082, windowStart=1748700870000, windowEnd=1748701170000, minValue=181.0, maxValue=181.0, avgValue=181.0, count=18)
2025-05-31 14:19:53,312 INFO  org.jaist.flink.s2510082.SensorStatsProcessWindowFunction    [] - Window processing - key: SensorKey(sensorName=SCD41, dataType=humidity), actual count: 18, expected: 20
Analytics Results> SensorStats(sensorName=SCD41, dataType=humidity, studentId=s2510082, windowStart=1748700870000, windowEnd=1748701170000, minValue=62.21, maxValue=62.41, avgValue=62.305000000000014, count=18)
2025-05-31 14:19:53,313 INFO  org.jaist.flink.s2510082.SensorStatsProcessWindowFunction    [] - Window processing - key: SensorKey(sensorName=SCD41, dataType=temperature), actual count: 18, expected: 20
Analytics Results> SensorStats(sensorName=SCD41, dataType=temperature, studentId=s2510082, windowStart=1748700870000, windowEnd=1748701170000, minValue=23.4, maxValue=23.47, avgValue=23.43888888888889, count=18)
2025-05-31 14:19:53,313 INFO  org.jaist.flink.s2510082.SensorStatsProcessWindowFunction    [] - Window processing - key: SensorKey(sensorName=BH1750, dataType=illumination), actual count: 18, expected: 20
Analytics Results> SensorStats(sensorName=BH1750, dataType=illumination, studentId=s2510082, windowStart=1748700870000, windowEnd=1748701170000, minValue=455.0, maxValue=457.5, avgValue=455.87833333333333, count=18)
2025-05-31 14:19:59,241 WARN  org.apache.flink.metrics.MetricGroup                         [] - Name collision: Group already contains a Metric with the name 'pendingCommittables'. Metric will not be reported.[172.18.0.3, taskmanager, 172.18.0.3:36371-646d40, Sensor Analytics Job, Kafka Analytics Sink: Committer, 0]
2025-05-31 14:19:59,242 WARN  org.apache.flink.metrics.MetricGroup                         [] - Name collision: Group already contains a Metric with the name 'pendingCommittables'. Metric will not be reported.[172.18.0.3, taskmanager, 172.18.0.3:36371-646d40, Sensor Analytics Job, Kafka Occupancy Sink: Committer, 0]
2025-05-31 14:20:25,269 INFO  org.jaist.flink.s2510082.SensorStatsProcessWindowFunction    [] - Window processing - key: SensorKey(sensorName=DPS310, dataType=altitude), actual count: 19, expected: 20
Analytics Results> SensorStats(sensorName=DPS310, dataType=altitude, studentId=s2510082, windowStart=1748700900000, windowEnd=1748701200000, minValue=211.32, maxValue=211.54, avgValue=211.4363157894737, count=19)
2025-05-31 14:20:25,269 INFO  org.jaist.flink.s2510082.SensorStatsProcessWindowFunction    [] - Window processing - key: SensorKey(sensorName=RPR0521RS, dataType=proximity), actual count: 19, expected: 20
Analytics Results> SensorStats(sensorName=RPR0521RS, dataType=proximity, studentId=s2510082, windowStart=1748700900000, windowEnd=1748701200000, minValue=5.0, maxValue=6.0, avgValue=5.7894736842105265, count=19)
2025-05-31 14:20:25,270 INFO  org.jaist.flink.s2510082.SensorStatsProcessWindowFunction    [] - Window processing - key: SensorKey(sensorName=DPS310, dataType=air_pressure), actual count: 19, expected: 20
Analytics Results> SensorStats(sensorName=DPS310, dataType=air_pressure, studentId=s2510082, windowStart=1748700900000, windowEnd=1748701200000, minValue=988.1, maxValue=988.12, avgValue=988.1094736842105, count=19)
2025-05-31 14:20:25,270 INFO  org.jaist.flink.s2510082.SensorStatsProcessWindowFunction    [] - Window processing - key: SensorKey(sensorName=DPS310, dataType=temperature), actual count: 19, expected: 20
Analytics Results> SensorStats(sensorName=DPS310, dataType=temperature, studentId=s2510082, windowStart=1748700900000, windowEnd=1748701200000, minValue=24.7, maxValue=24.74, avgValue=24.721052631578946, count=19)
2025-05-31 14:20:25,270 INFO  org.jaist.flink.s2510082.SensorStatsProcessWindowFunction    [] - Window processing - key: SensorKey(sensorName=RPR0521RS, dataType=infrared_illumination), actual count: 19, expected: 20
Analytics Results> SensorStats(sensorName=RPR0521RS, dataType=infrared_illumination, studentId=s2510082, windowStart=1748700900000, windowEnd=1748701200000, minValue=30.0, maxValue=30.0, avgValue=30.0, count=19)
2025-05-31 14:20:25,270 INFO  org.jaist.flink.s2510082.SensorStatsProcessWindowFunction    [] - Window processing - key: SensorKey(sensorName=RPR0521RS, dataType=illumination), actual count: 19, expected: 20
Analytics Results> SensorStats(sensorName=RPR0521RS, dataType=illumination, studentId=s2510082, windowStart=1748700900000, windowEnd=1748701200000, minValue=181.0, maxValue=181.0, avgValue=181.0, count=19)
2025-05-31 14:20:25,270 INFO  org.jaist.flink.s2510082.SensorStatsProcessWindowFunction    [] - Window processing - key: SensorKey(sensorName=RPR0521RS, dataType=ambient_light), actual count: 19, expected: 20
Analytics Results> SensorStats(sensorName=RPR0521RS, dataType=ambient_light, studentId=s2510082, windowStart=1748700900000, windowEnd=1748701200000, minValue=248.13, maxValue=248.13, avgValue=248.13000000000005, count=19)
2025-05-31 14:20:25,271 INFO  org.jaist.flink.s2510082.SensorStatsProcessWindowFunction    [] - Window processing - key: SensorKey(sensorName=SCD41, dataType=co2), actual count: 19, expected: 20
Analytics Results> SensorStats(sensorName=SCD41, dataType=co2, studentId=s2510082, windowStart=1748700900000, windowEnd=1748701200000, minValue=869.0, maxValue=892.0, avgValue=882.8947368421053, count=19)
2025-05-31 14:20:25,271 INFO  org.jaist.flink.s2510082.SensorStatsProcessWindowFunction    [] - Window processing - key: SensorKey(sensorName=SCD41, dataType=temperature), actual count: 19, expected: 20
Analytics Results> SensorStats(sensorName=SCD41, dataType=temperature, studentId=s2510082, windowStart=1748700900000, windowEnd=1748701200000, minValue=23.37, maxValue=23.46, avgValue=23.4321052631579, count=19)
2025-05-31 14:20:25,271 INFO  org.jaist.flink.s2510082.SensorStatsProcessWindowFunction    [] - Window processing - key: SensorKey(sensorName=SCD41, dataType=humidity), actual count: 19, expected: 20
Analytics Results> SensorStats(sensorName=SCD41, dataType=humidity, studentId=s2510082, windowStart=1748700900000, windowEnd=1748701200000, minValue=62.21, maxValue=62.44, avgValue=62.32263157894739, count=19)
2025-05-31 14:20:25,271 INFO  org.jaist.flink.s2510082.SensorStatsProcessWindowFunction    [] - Window processing - key: SensorKey(sensorName=BH1750, dataType=illumination), actual count: 19, expected: 20
Analytics Results> SensorStats(sensorName=BH1750, dataType=illumination, studentId=s2510082, windowStart=1748700900000, windowEnd=1748701200000, minValue=455.0, maxValue=457.5, avgValue=456.0073684210526, count=19)
2025-05-31 14:20:25,317 INFO  org.jaist.flink.s2510082.CO2IncreaseDetector                 [] - CO2 continuous increase detected - Sensor: SCD41, Data points: 19, Value range: 869.0-892.0
2025-05-31 14:20:25,356 INFO  org.jaist.flink.s2510082.OccupancyStateManager               [] - Room state changed: unoccupied -> occupied
Occupancy Detection Results> true
2025-05-31 14:20:29,240 WARN  org.apache.flink.metrics.MetricGroup                         [] - Name collision: Group already contains a Metric with the name 'pendingCommittables'. Metric will not be reported.[172.18.0.3, taskmanager, 172.18.0.3:36371-646d40, Sensor Analytics Job, Kafka Analytics Sink: Committer, 0]
2025-05-31 14:20:29,241 WARN  org.apache.flink.metrics.MetricGroup                         [] - Name collision: Group already contains a Metric with the name 'pendingCommittables'. Metric will not be reported.[172.18.0.3, taskmanager, 172.18.0.3:36371-646d40, Sensor Analytics Job, Kafka Occupancy Sink: Committer, 0]
2025-05-31 14:20:41,297 INFO  org.jaist.flink.s2510082.SensorStatsProcessWindowFunction    [] - Window processing - key: SensorKey(sensorName=DPS310, dataType=air_pressure), actual count: 19, expected: 20
Analytics Results> SensorStats(sensorName=DPS310, dataType=air_pressure, studentId=s2510082, windowStart=1748700930000, windowEnd=1748701230000, minValue=988.1, maxValue=988.12, avgValue=988.1073684210525, count=19)
2025-05-31 14:20:41,298 INFO  org.jaist.flink.s2510082.SensorStatsProcessWindowFunction    [] - Window processing - key: SensorKey(sensorName=SCD41, dataType=co2), actual count: 19, expected: 20
Analytics Results> SensorStats(sensorName=SCD41, dataType=co2, studentId=s2510082, windowStart=1748700930000, windowEnd=1748701230000, minValue=873.0, maxValue=900.0, avgValue=885.6842105263158, count=19)
2025-05-31 14:20:41,298 INFO  org.jaist.flink.s2510082.SensorStatsProcessWindowFunction    [] - Window processing - key: SensorKey(sensorName=RPR0521RS, dataType=illumination), actual count: 19, expected: 20
Analytics Results> SensorStats(sensorName=RPR0521RS, dataType=illumination, studentId=s2510082, windowStart=1748700930000, windowEnd=1748701230000, minValue=181.0, maxValue=181.0, avgValue=181.0, count=19)
2025-05-31 14:20:41,298 INFO  org.jaist.flink.s2510082.SensorStatsProcessWindowFunction    [] - Window processing - key: SensorKey(sensorName=DPS310, dataType=temperature), actual count: 19, expected: 20
Analytics Results> SensorStats(sensorName=DPS310, dataType=temperature, studentId=s2510082, windowStart=1748700930000, windowEnd=1748701230000, minValue=24.69, maxValue=24.74, avgValue=24.718421052631573, count=19)
2025-05-31 14:20:41,299 INFO  org.jaist.flink.s2510082.SensorStatsProcessWindowFunction    [] - Window processing - key: SensorKey(sensorName=SCD41, dataType=humidity), actual count: 19, expected: 20
Analytics Results> SensorStats(sensorName=SCD41, dataType=humidity, studentId=s2510082, windowStart=1748700930000, windowEnd=1748701230000, minValue=62.23, maxValue=62.51, avgValue=62.353157894736846, count=19)
2025-05-31 14:20:41,299 INFO  org.jaist.flink.s2510082.SensorStatsProcessWindowFunction    [] - Window processing - key: SensorKey(sensorName=BH1750, dataType=illumination), actual count: 19, expected: 20
Analytics Results> SensorStats(sensorName=BH1750, dataType=illumination, studentId=s2510082, windowStart=1748700930000, windowEnd=1748701230000, minValue=455.0, maxValue=457.5, avgValue=455.9194736842105, count=19)
2025-05-31 14:20:41,299 INFO  org.jaist.flink.s2510082.SensorStatsProcessWindowFunction    [] - Window processing - key: SensorKey(sensorName=DPS310, dataType=altitude), actual count: 19, expected: 20
Analytics Results> SensorStats(sensorName=DPS310, dataType=altitude, studentId=s2510082, windowStart=1748700930000, windowEnd=1748701230000, minValue=211.32, maxValue=211.55, avgValue=211.4568421052632, count=19)
2025-05-31 14:20:41,299 INFO  org.jaist.flink.s2510082.SensorStatsProcessWindowFunction    [] - Window processing - key: SensorKey(sensorName=SCD41, dataType=temperature), actual count: 19, expected: 20
Analytics Results> SensorStats(sensorName=SCD41, dataType=temperature, studentId=s2510082, windowStart=1748700930000, windowEnd=1748701230000, minValue=23.37, maxValue=23.46, avgValue=23.423157894736846, count=19)
2025-05-31 14:20:41,299 INFO  org.jaist.flink.s2510082.SensorStatsProcessWindowFunction    [] - Window processing - key: SensorKey(sensorName=RPR0521RS, dataType=infrared_illumination), actual count: 19, expected: 20
Analytics Results> SensorStats(sensorName=RPR0521RS, dataType=infrared_illumination, studentId=s2510082, windowStart=1748700930000, windowEnd=1748701230000, minValue=30.0, maxValue=30.0, avgValue=30.0, count=19)
2025-05-31 14:20:41,299 INFO  org.jaist.flink.s2510082.SensorStatsProcessWindowFunction    [] - Window processing - key: SensorKey(sensorName=RPR0521RS, dataType=ambient_light), actual count: 19, expected: 20
Analytics Results> SensorStats(sensorName=RPR0521RS, dataType=ambient_light, studentId=s2510082, windowStart=1748700930000, windowEnd=1748701230000, minValue=248.13, maxValue=248.13, avgValue=248.13000000000005, count=19)
2025-05-31 14:20:41,300 INFO  org.jaist.flink.s2510082.SensorStatsProcessWindowFunction    [] - Window processing - key: SensorKey(sensorName=RPR0521RS, dataType=proximity), actual count: 19, expected: 20
Analytics Results> SensorStats(sensorName=RPR0521RS, dataType=proximity, studentId=s2510082, windowStart=1748700930000, windowEnd=1748701230000, minValue=5.0, maxValue=6.0, avgValue=5.7894736842105265, count=19)
2025-05-31 14:20:59,241 WARN  org.apache.flink.metrics.MetricGroup                         [] - Name collision: Group already contains a Metric with the name 'pendingCommittables'. Metric will not be reported.[172.18.0.3, taskmanager, 172.18.0.3:36371-646d40, Sensor Analytics Job, Kafka Analytics Sink: Committer, 0]
2025-05-31 14:20:59,241 WARN  org.apache.flink.metrics.MetricGroup                         [] - Name collision: Group already contains a Metric with the name 'pendingCommittables'. Metric will not be reported.[172.18.0.3, taskmanager, 172.18.0.3:36371-646d40, Sensor Analytics Job, Kafka Occupancy Sink: Committer, 0]
2025-05-31 14:21:13,354 INFO  org.jaist.flink.s2510082.SensorStatsProcessWindowFunction    [] - Window processing - key: SensorKey(sensorName=SCD41, dataType=co2), actual count: 19, expected: 20
Analytics Results> SensorStats(sensorName=SCD41, dataType=co2, studentId=s2510082, windowStart=1748700960000, windowEnd=1748701260000, minValue=876.0, maxValue=908.0, avgValue=889.0526315789474, count=19)
2025-05-31 14:21:13,355 INFO  org.jaist.flink.s2510082.SensorStatsProcessWindowFunction    [] - Window processing - key: SensorKey(sensorName=RPR0521RS, dataType=infrared_illumination), actual count: 19, expected: 20
Analytics Results> SensorStats(sensorName=RPR0521RS, dataType=infrared_illumination, studentId=s2510082, windowStart=1748700960000, windowEnd=1748701260000, minValue=30.0, maxValue=30.0, avgValue=30.0, count=19)
2025-05-31 14:21:13,355 INFO  org.jaist.flink.s2510082.SensorStatsProcessWindowFunction    [] - Window processing - key: SensorKey(sensorName=BH1750, dataType=illumination), actual count: 19, expected: 20
Analytics Results> SensorStats(sensorName=BH1750, dataType=illumination, studentId=s2510082, windowStart=1748700960000, windowEnd=1748701260000, minValue=455.0, maxValue=457.5, avgValue=456.0510526315789, count=19)
2025-05-31 14:21:13,355 INFO  org.jaist.flink.s2510082.SensorStatsProcessWindowFunction    [] - Window processing - key: SensorKey(sensorName=DPS310, dataType=air_pressure), actual count: 19, expected: 20
Analytics Results> SensorStats(sensorName=DPS310, dataType=air_pressure, studentId=s2510082, windowStart=1748700960000, windowEnd=1748701260000, minValue=988.09, maxValue=988.12, avgValue=988.1042105263158, count=19)
2025-05-31 14:21:13,356 INFO  org.jaist.flink.s2510082.SensorStatsProcessWindowFunction    [] - Window processing - key: SensorKey(sensorName=DPS310, dataType=altitude), actual count: 19, expected: 20
Analytics Results> SensorStats(sensorName=DPS310, dataType=altitude, studentId=s2510082, windowStart=1748700960000, windowEnd=1748701260000, minValue=211.37, maxValue=211.58, avgValue=211.48157894736846, count=19)
2025-05-31 14:21:13,356 INFO  org.jaist.flink.s2510082.SensorStatsProcessWindowFunction    [] - Window processing - key: SensorKey(sensorName=RPR0521RS, dataType=proximity), actual count: 19, expected: 20
Analytics Results> SensorStats(sensorName=RPR0521RS, dataType=proximity, studentId=s2510082, windowStart=1748700960000, windowEnd=1748701260000, minValue=5.0, maxValue=6.0, avgValue=5.842105263157895, count=19)
2025-05-31 14:21:13,356 INFO  org.jaist.flink.s2510082.SensorStatsProcessWindowFunction    [] - Window processing - key: SensorKey(sensorName=RPR0521RS, dataType=illumination), actual count: 19, expected: 20
Analytics Results> SensorStats(sensorName=RPR0521RS, dataType=illumination, studentId=s2510082, windowStart=1748700960000, windowEnd=1748701260000, minValue=181.0, maxValue=181.0, avgValue=181.0, count=19)
2025-05-31 14:21:13,356 INFO  org.jaist.flink.s2510082.SensorStatsProcessWindowFunction    [] - Window processing - key: SensorKey(sensorName=DPS310, dataType=temperature), actual count: 19, expected: 20
Analytics Results> SensorStats(sensorName=DPS310, dataType=temperature, studentId=s2510082, windowStart=1748700960000, windowEnd=1748701260000, minValue=24.68, maxValue=24.74, avgValue=24.714736842105264, count=19)
2025-05-31 14:21:13,356 INFO  org.jaist.flink.s2510082.SensorStatsProcessWindowFunction    [] - Window processing - key: SensorKey(sensorName=SCD41, dataType=humidity), actual count: 19, expected: 20
Analytics Results> SensorStats(sensorName=SCD41, dataType=humidity, studentId=s2510082, windowStart=1748700960000, windowEnd=1748701260000, minValue=62.27, maxValue=62.51, avgValue=62.380526315789474, count=19)
2025-05-31 14:21:13,357 INFO  org.jaist.flink.s2510082.SensorStatsProcessWindowFunction    [] - Window processing - key: SensorKey(sensorName=RPR0521RS, dataType=ambient_light), actual count: 19, expected: 20
Analytics Results> SensorStats(sensorName=RPR0521RS, dataType=ambient_light, studentId=s2510082, windowStart=1748700960000, windowEnd=1748701260000, minValue=248.13, maxValue=248.13, avgValue=248.13000000000005, count=19)
2025-05-31 14:21:13,357 INFO  org.jaist.flink.s2510082.SensorStatsProcessWindowFunction    [] - Window processing - key: SensorKey(sensorName=SCD41, dataType=temperature), actual count: 19, expected: 20
Analytics Results> SensorStats(sensorName=SCD41, dataType=temperature, studentId=s2510082, windowStart=1748700960000, windowEnd=1748701260000, minValue=23.37, maxValue=23.46, avgValue=23.416842105263157, count=19)
2025-05-31 14:21:13,406 INFO  org.jaist.flink.s2510082.CO2IncreaseDetector                 [] - CO2 continuous increase detected - Sensor: SCD41, Data points: 19, Value range: 876.0-908.0
2025-05-31 14:21:29,241 WARN  org.apache.flink.metrics.MetricGroup                         [] - Name collision: Group already contains a Metric with the name 'pendingCommittables'. Metric will not be reported.[172.18.0.3, taskmanager, 172.18.0.3:36371-646d40, Sensor Analytics Job, Kafka Analytics Sink: Committer, 0]